9/3/2013 8:13:18 AM	This log contains information about the import schema operation into project 'Database' on computer 'WN-MOA4SZY3E217' by user 'srkuhl'.
9/3/2013 8:13:18 AM	Import of database schema has started.
9/3/2013 8:13:25 AM	Gathering database options
9/3/2013 8:13:25 AM	Gathering users
9/3/2013 8:13:25 AM	Gathering roles
9/3/2013 8:13:25 AM	Gathering application roles
9/3/2013 8:13:25 AM	Gathering role memberships
9/3/2013 8:13:25 AM	Gathering filegroups
9/3/2013 8:13:25 AM	Gathering full-text catalogs
9/3/2013 8:13:25 AM	Gathering assemblies
9/3/2013 8:13:25 AM	Gathering certificates
9/3/2013 8:13:25 AM	Gathering asymmetric keys
9/3/2013 8:13:25 AM	Gathering symmetric keys
9/3/2013 8:13:25 AM	Gathering encrypted symmetric keys
9/3/2013 8:13:25 AM	Gathering schemas
9/3/2013 8:13:37 AM	Gathering XML schema collections
9/3/2013 8:13:37 AM	Gathering user-defined data types
9/3/2013 8:13:37 AM	Gathering user-defined types
9/3/2013 8:13:37 AM	Gathering table types
9/3/2013 8:13:37 AM	Gathering unique keys for table types
9/3/2013 8:13:37 AM	Gathering primary keys for table types
9/3/2013 8:13:37 AM	Gathering check constraints for table types
9/3/2013 8:13:37 AM	Gathering default constraints for table types
9/3/2013 8:13:37 AM	Gathering partition functions
9/3/2013 8:13:37 AM	Gathering partition schemes
9/3/2013 8:13:37 AM	Gathering functions
9/3/2013 8:13:37 AM	Gathering encrypted functions
9/3/2013 8:13:37 AM	Gathering aggregates
9/3/2013 8:13:37 AM	Gathering procedures
9/3/2013 8:13:37 AM	Gathering encrypted procedures
9/3/2013 8:13:37 AM	Gathering tables
9/3/2013 8:13:37 AM	Gathering primary keys
9/3/2013 8:13:37 AM	Gathering unique constraints
9/3/2013 8:13:37 AM	Gathering foreign keys
9/3/2013 8:13:37 AM	Gathering default constraints
9/3/2013 8:13:37 AM	Gathering check constraints
9/3/2013 8:13:37 AM	Gathering views
9/3/2013 8:13:37 AM	Gathering encrypted views
9/3/2013 8:13:37 AM	Gathering indexes
9/3/2013 8:13:37 AM	Gathering statistics
9/3/2013 8:13:37 AM	Gathering full-text index stoplists
9/3/2013 8:13:37 AM	Gathering search property lists
9/3/2013 8:13:37 AM	Gathering search properties
9/3/2013 8:13:37 AM	Gathering full-text indexes
9/3/2013 8:13:37 AM	Gathering column store indexes
9/3/2013 8:13:37 AM	Gathering spatial indexes
9/3/2013 8:13:37 AM	Gathering XML indexes
9/3/2013 8:13:37 AM	Gathering Selective XML indexes
9/3/2013 8:13:37 AM	Gathering encrypted triggers
9/3/2013 8:13:37 AM	Gathering triggers
9/3/2013 8:13:37 AM	Gathering encrypted and clr ddl triggers
9/3/2013 8:13:37 AM	Gathering ddl triggers
9/3/2013 8:13:37 AM	Gathering synonyms
9/3/2013 8:13:37 AM	Gathering defaults
9/3/2013 8:13:37 AM	Gathering data constraint uddt bindings
9/3/2013 8:13:37 AM	Gathering rules
9/3/2013 8:13:37 AM	Gathering data constraint uddt bindings
9/3/2013 8:13:37 AM	Gathering message types
9/3/2013 8:13:37 AM	Gathering queues
9/3/2013 8:13:37 AM	Gathering contracts
9/3/2013 8:13:37 AM	Gathering services
9/3/2013 8:13:37 AM	Gathering event notifications
9/3/2013 8:13:37 AM	Gathering remote service bindings
9/3/2013 8:13:37 AM	Gathering broker priorities
9/3/2013 8:13:37 AM	Gathering signatures
9/3/2013 8:13:37 AM	Gathering data compression options
9/3/2013 8:13:37 AM	Gathering sequence types
9/3/2013 8:13:37 AM	Gathering extended properties
9/3/2013 8:13:37 AM	Gathering credentials
9/3/2013 8:13:37 AM	Gathering logins
9/3/2013 8:13:37 AM	Gathering server audits
9/3/2013 8:13:38 AM	Scanning project for duplicate elements
9/3/2013 8:13:38 AM	Finished duplicate element processing
9/3/2013 8:13:39 AM	Finished importing database.
9/3/2013 8:13:39 AM	A summary of the import was saved to the following location: C:\Users\srkuhl\Documents\Visual Studio 2012\Projects\EF in the Enterprise\2 - SQL Server Database Project\Database\Import Schema Logs\Database_20130903011318.log
9/3/2013 8:13:39 AM	Click Finish to continue...
